<?xml version="1.0" encoding="UTF-8"?>
<!-- Generated by org.testng.reporters.JUnitReportReporter -->
<testsuite skipped="1" hostname="NDI-LAP-669" name="patientPortal.Test.PatientPortalLoginTest" tests="2" failures="0" timestamp="28 Nov 2018 16:19:27 GMT" time="46.267" errors="0">
  <testcase name="testLogin" time="0.219" classname="patientPortal.Test.PatientPortalLoginTest">
    <skipped/>
  </testcase> <!-- testLogin -->
  <testcase name="testLogin" time="46.048" classname="patientPortal.Test.PatientPortalLoginTest"/>
</testsuite> <!-- patientPortal.Test.PatientPortalLoginTest -->
