<?xml version="1.0" encoding="UTF-8"?>
<!-- Generated by org.testng.reporters.JUnitReportReporter -->
<testsuite skipped="0" hostname="NDI-LAP-669" name="patientPortal.Test.PatientPortalMyAccountTest" tests="1" failures="0" timestamp="28 Nov 2018 16:26:33 GMT" time="62.555" errors="0">
  <testcase name="MyAccount" time="62.555" classname="patientPortal.Test.PatientPortalMyAccountTest"/>
</testsuite> <!-- patientPortal.Test.PatientPortalMyAccountTest -->
