<?xml version="1.0" encoding="UTF-8"?>
<!-- Generated by org.testng.reporters.JUnitReportReporter -->
<testsuite skipped="1" hostname="NDI-LAP-669" name="patientPortal.Test.PatientPortalLoginTest" tests="2" failures="0" timestamp="03 Dec 2018 16:17:00 GMT" time="26.520" errors="0">
  <testcase name="doLogin" time="26.202" classname="patientPortal.Test.PatientPortalLoginTest"/>
  <testcase name="doLogin" time="0.318" classname="patientPortal.Test.PatientPortalLoginTest">
    <skipped/>
  </testcase> <!-- doLogin -->
</testsuite> <!-- patientPortal.Test.PatientPortalLoginTest -->
