<?xml version="1.0" encoding="UTF-8"?>
<!-- Generated by org.testng.reporters.JUnitReportReporter -->
<testsuite skipped="0" hostname="NDI-LAP-669" name="patientPortal.Test.PatientPortalMyAccountTest" tests="1" failures="0" timestamp="03 Dec 2018 16:17:00 GMT" time="40.376" errors="0">
  <testcase name="CreatingMyAccount" time="40.376" classname="patientPortal.Test.PatientPortalMyAccountTest"/>
</testsuite> <!-- patientPortal.Test.PatientPortalMyAccountTest -->
