<?xml version="1.0" encoding="UTF-8"?>
<!-- Generated by org.testng.reporters.JUnitReportReporter -->
<testsuite skipped="0" hostname="NDI-LAP-669" name="patientPortal.Test.PatientPortalUpdateInformationTest" tests="3" failures="0" timestamp="29 Nov 2018 10:01:08 GMT" time="83.421" errors="0">
  <testcase name="addWorkEmailId" time="36.651" classname="patientPortal.Test.PatientPortalUpdateInformationTest"/>
  <testcase name="addPersonalEmailId" time="23.599" classname="patientPortal.Test.PatientPortalUpdateInformationTest"/>
  <testcase name="deletePersonalEmailId" time="23.171" classname="patientPortal.Test.PatientPortalUpdateInformationTest"/>
</testsuite> <!-- patientPortal.Test.PatientPortalUpdateInformationTest -->
