<?xml version="1.0" encoding="UTF-8"?>
<!-- Generated by org.testng.reporters.JUnitReportReporter -->
<testsuite skipped="0" hostname="NDI-LAP-669" name="patientPortal.Test.PatientPortalHomePageTest" tests="2" failures="0" timestamp="28 Nov 2018 16:21:54 GMT" time="103.414" errors="0">
  <testcase name="sendMessage" time="53.030" classname="patientPortal.Test.PatientPortalHomePageTest"/>
  <testcase name="requestAnAppointment" time="50.384" classname="patientPortal.Test.PatientPortalHomePageTest"/>
</testsuite> <!-- patientPortal.Test.PatientPortalHomePageTest -->
